Arguments: 
  /usr/local/bin/node /usr/local/bin/yarn tscw

PATH: 
  /usr/local/bin:/usr/bin:/bin:/usr/sbin:/sbin

Yarn version: 
  1.22.17

Node version: 
  16.11.1

Platform: 
  darwin x64

Trace: 
  SyntaxError: /Users/samparry/Documents/projects/cartoon-api/package.json: Unexpected token } in JSON at position 103
      at JSON.parse (<anonymous>)
      at /usr/local/lib/node_modules/yarn/lib/cli.js:1625:59
      at Generator.next (<anonymous>)
      at step (/usr/local/lib/node_modules/yarn/lib/cli.js:310:30)
      at /usr/local/lib/node_modules/yarn/lib/cli.js:321:13

npm manifest: 
  {
    "devDependencies": {
      "typescript": "^4.5.5"
    },
    "scripts": {
        "tscw": "tsc --watch",
    }
  }

yarn manifest: 
  No manifest

Lockfile: 
  # THIS IS AN AUTOGENERATED FILE. DO NOT EDIT THIS FILE DIRECTLY.
  # yarn lockfile v1
